<?xml version="1.0" encoding="UTF-8"?>
<!-- Generated by org.testng.reporters.JUnitXMLReporter -->
<testsuite hostname="IN01LAP00082" name="Test" tests="3" failures="0" timestamp="27 Jan 2019 05:05:28 GMT" time="26.846" errors="0">
  <testcase name="validateLoginPageTitle" time="0.392" classname="pageTests.LoginPageTests"/>
  <testcase name="loginWithValidCredentials" time="3.85" classname="pageTests.LoginPageTests"/>
  <testcase name="loginWithInvalidCredentials" time="1.221" classname="pageTests.LoginPageTests"/>
</testsuite> <!-- Test -->
