<?xml version="1.0" encoding="UTF-8"?>
<!-- Generated by org.testng.reporters.JUnitXMLReporter -->
<testsuite hostname="IN01LAP00082" name="Default test" tests="3" failures="0" timestamp="27 Jan 2019 04:11:36 GMT" time="28.505" errors="0">
  <testcase name="validateLoginPageTitle" time="0.379" classname="pageTests.LoginPageTests"/>
  <testcase name="loginWithValidCredentials" time="4.36" classname="pageTests.LoginPageTests"/>
  <testcase name="loginWithInvalidCredentials" time="1.312" classname="pageTests.LoginPageTests"/>
</testsuite> <!-- Default test -->
